  [1m[35m (2.1ms)[0m  [1m[35mCREATE TABLE "schema_migrations" ("version" varchar NOT NULL PRIMARY KEY)[0m
  [1m[35m (0.1ms)[0m  [1m[35mCREATE TABLE "ar_internal_metadata" ("key" varchar NOT NULL PRIMARY KEY, "value" varchar, "created_at" datetime(6) NOT NULL, "updated_at" datetime(6) NOT NULL)[0m
  [1m[36mActiveRecord::InternalMetadata Load (0.1ms)[0m  [1m[34mSELECT * FROM "ar_internal_metadata" WHERE "ar_internal_metadata"."key" = ? ORDER BY "ar_internal_metadata"."key" ASC LIMIT 1[0m  [[nil, "environment"]]
  [1m[36mActiveRecord::InternalMetadata Create (0.2ms)[0m  [1m[32mINSERT INTO "ar_internal_metadata" ("key", "value", "created_at", "updated_at") VALUES ('environment', 'development', '2024-10-11 15:33:10.702432', '2024-10-11 15:33:10.702435') RETURNING "key"[0m
  [1m[36mActiveRecord::SchemaMigration Load (0.1ms)[0m  [1m[34mSELECT "schema_migrations"."version" FROM "schema_migrations" ORDER BY "schema_migrations"."version" ASC[0m
Migrating to CreateTasks (20241011153202)
  [1m[36mTRANSACTION (0.0ms)[0m  [1m[36mbegin transaction[0m
  [1m[35m (0.7ms)[0m  [1m[35mCREATE TABLE "tasks" ("id" integer PRIMARY KEY AUTOINCREMENT NOT NULL, "name" varchar, "status" boolean, "created_at" datetime(6) NOT NULL, "updated_at" datetime(6) NOT NULL)[0m
  [1m[36mActiveRecord::SchemaMigration Create (0.1ms)[0m  [1m[32mINSERT INTO "schema_migrations" ("version") VALUES ('20241011153202') RETURNING "version"[0m
  [1m[36mTRANSACTION (0.1ms)[0m  [1m[36mcommit transaction[0m
  [1m[36mActiveRecord::SchemaMigration Load (0.0ms)[0m  [1m[34mSELECT "schema_migrations"."version" FROM "schema_migrations" ORDER BY "schema_migrations"."version" ASC[0m
Started GET "/" for 127.0.0.1 at 2024-10-11 22:35:01 +0700
  [1m[36mActiveRecord::SchemaMigration Load (0.2ms)[0m  [1m[34mSELECT "schema_migrations"."version" FROM "schema_migrations" ORDER BY "schema_migrations"."version" ASC[0m
Processing by Rails::WelcomeController#index as HTML
  Rendering /home/jongthamdee/.rbenv/versions/3.3.0/lib/ruby/gems/3.3.0/gems/railties-7.2.1/lib/rails/templates/rails/welcome/index.html.erb
  Rendered /home/jongthamdee/.rbenv/versions/3.3.0/lib/ruby/gems/3.3.0/gems/railties-7.2.1/lib/rails/templates/rails/welcome/index.html.erb (Duration: 1.2ms | GC: 0.0ms)
Completed 200 OK in 22ms (Views: 6.4ms | ActiveRecord: 0.0ms (0 queries, 0 cached) | GC: 0.0ms)


Started GET "/tasks" for 127.0.0.1 at 2024-10-11 22:35:12 +0700
Processing by TasksController#index as HTML
  Rendering layout layouts/application.html.erb
  Rendering tasks/index.html.erb within layouts/application
  [1m[36mTask Load (0.2ms)[0m  [1m[34mSELECT "tasks".* FROM "tasks" WHERE "tasks"."status" = ?[0m  [["status", 0]]
  ↳ app/views/tasks/index.html.erb:13
  Rendered tasks/index.html.erb within layouts/application (Duration: 27.3ms | GC: 16.1ms)
  Rendered layout layouts/application.html.erb (Duration: 285.5ms | GC: 89.9ms)
Completed 200 OK in 338ms (Views: 287.2ms | ActiveRecord: 1.6ms (1 query, 0 cached) | GC: 89.9ms)


Started GET "/manifest.json" for 127.0.0.1 at 2024-10-11 22:35:12 +0700
  
ActionController::RoutingError (No route matches [GET] "/manifest.json"):
  
Started POST "/tasks" for 127.0.0.1 at 2024-10-11 22:35:15 +0700
Processing by TasksController#create as TURBO_STREAM
  Parameters: {"authenticity_token"=>"[FILTERED]", "task"=>{"name"=>"45"}, "commit"=>"Create Todo"}
  [1m[36mTRANSACTION (0.1ms)[0m  [1m[36mbegin transaction[0m
  ↳ app/controllers/tasks_controller.rb:12:in `create'
  [1m[36mTask Create (1.0ms)[0m  [1m[32mINSERT INTO "tasks" ("name", "status", "created_at", "updated_at") VALUES (?, ?, ?, ?) RETURNING "id"[0m  [["name", "45"], ["status", 0], ["created_at", "2024-10-11 15:35:15.995115"], ["updated_at", "2024-10-11 15:35:15.995115"]]
  ↳ app/controllers/tasks_controller.rb:12:in `create'
  [1m[36mTRANSACTION (2.1ms)[0m  [1m[36mcommit transaction[0m
  ↳ app/controllers/tasks_controller.rb:12:in `create'
Redirected to http://127.0.0.1:3000/tasks
Completed 302 Found in 14ms (ActiveRecord: 3.1ms (1 query, 0 cached) | GC: 1.0ms)


Started GET "/tasks" for 127.0.0.1 at 2024-10-11 22:35:16 +0700
Processing by TasksController#index as TURBO_STREAM
  Rendering layout layouts/application.html.erb
  Rendering tasks/index.html.erb within layouts/application
  [1m[36mTask Load (0.1ms)[0m  [1m[34mSELECT "tasks".* FROM "tasks" WHERE "tasks"."status" = ?[0m  [["status", 0]]
  ↳ app/views/tasks/index.html.erb:13
  Rendered tasks/index.html.erb within layouts/application (Duration: 2.2ms | GC: 0.0ms)
  Rendered layout layouts/application.html.erb (Duration: 3.7ms | GC: 0.0ms)
Completed 200 OK in 5ms (Views: 3.9ms | ActiveRecord: 0.1ms (1 query, 0 cached) | GC: 0.0ms)


Started GET "/tasks/1/complete" for 127.0.0.1 at 2024-10-11 22:35:16 +0700
Processing by TasksController#complete as HTML
  Parameters: {"id"=>"1"}
  [1m[36mTask Load (0.1ms)[0m  [1m[34mSELECT "tasks".* FROM "tasks" WHERE "tasks"."id" = ? LIMIT ?[0m  [["id", 1], ["LIMIT", 1]]
  ↳ app/controllers/tasks_controller.rb:20:in `complete'
  [1m[36mTRANSACTION (0.0ms)[0m  [1m[36mbegin transaction[0m
  ↳ app/controllers/tasks_controller.rb:21:in `complete'
  [1m[36mTask Update (0.7ms)[0m  [1m[33mUPDATE "tasks" SET "status" = ?, "updated_at" = ? WHERE "tasks"."id" = ?[0m  [["status", 1], ["updated_at", "2024-10-11 15:35:16.729474"], ["id", 1]]
  ↳ app/controllers/tasks_controller.rb:21:in `complete'
  [1m[36mTRANSACTION (0.1ms)[0m  [1m[36mcommit transaction[0m
  ↳ app/controllers/tasks_controller.rb:21:in `complete'
Redirected to http://127.0.0.1:3000/tasks
Completed 302 Found in 6ms (ActiveRecord: 1.0ms (2 queries, 0 cached) | GC: 0.3ms)


Started GET "/tasks" for 127.0.0.1 at 2024-10-11 22:35:16 +0700
Processing by TasksController#index as HTML
  Rendering layout layouts/application.html.erb
  Rendering tasks/index.html.erb within layouts/application
  [1m[36mTask Load (0.1ms)[0m  [1m[34mSELECT "tasks".* FROM "tasks" WHERE "tasks"."status" = ?[0m  [["status", 0]]
  ↳ app/views/tasks/index.html.erb:13
  Rendered tasks/index.html.erb within layouts/application (Duration: 1.8ms | GC: 0.0ms)
  Rendered layout layouts/application.html.erb (Duration: 3.2ms | GC: 0.0ms)
Completed 200 OK in 6ms (Views: 4.8ms | ActiveRecord: 0.1ms (1 query, 0 cached) | GC: 0.7ms)


Started POST "/tasks" for 127.0.0.1 at 2024-10-11 22:35:20 +0700
Processing by TasksController#create as TURBO_STREAM
  Parameters: {"authenticity_token"=>"[FILTERED]", "task"=>{"name"=>"45"}, "commit"=>"Create Todo"}
  [1m[36mTRANSACTION (0.1ms)[0m  [1m[36mbegin transaction[0m
  ↳ app/controllers/tasks_controller.rb:12:in `create'
  [1m[36mTask Create (0.8ms)[0m  [1m[32mINSERT INTO "tasks" ("name", "status", "created_at", "updated_at") VALUES (?, ?, ?, ?) RETURNING "id"[0m  [["name", "45"], ["status", 0], ["created_at", "2024-10-11 15:35:20.328381"], ["updated_at", "2024-10-11 15:35:20.328381"]]
  ↳ app/controllers/tasks_controller.rb:12:in `create'
  [1m[36mTRANSACTION (0.1ms)[0m  [1m[36mcommit transaction[0m
  ↳ app/controllers/tasks_controller.rb:12:in `create'
Redirected to http://127.0.0.1:3000/tasks
Completed 302 Found in 4ms (ActiveRecord: 1.0ms (1 query, 0 cached) | GC: 0.0ms)


Started GET "/tasks" for 127.0.0.1 at 2024-10-11 22:35:20 +0700
Processing by TasksController#index as TURBO_STREAM
  Rendering layout layouts/application.html.erb
  Rendering tasks/index.html.erb within layouts/application
  [1m[36mTask Load (0.1ms)[0m  [1m[34mSELECT "tasks".* FROM "tasks" WHERE "tasks"."status" = ?[0m  [["status", 0]]
  ↳ app/views/tasks/index.html.erb:13
  Rendered tasks/index.html.erb within layouts/application (Duration: 2.4ms | GC: 0.0ms)
  Rendered layout layouts/application.html.erb (Duration: 3.7ms | GC: 0.0ms)
Completed 200 OK in 5ms (Views: 4.0ms | ActiveRecord: 0.1ms (1 query, 0 cached) | GC: 0.0ms)


Started GET "/tasks/2/complete" for 127.0.0.1 at 2024-10-11 22:35:21 +0700
Processing by TasksController#complete as HTML
  Parameters: {"id"=>"2"}
  [1m[36mTask Load (0.1ms)[0m  [1m[34mSELECT "tasks".* FROM "tasks" WHERE "tasks"."id" = ? LIMIT ?[0m  [["id", 2], ["LIMIT", 1]]
  ↳ app/controllers/tasks_controller.rb:20:in `complete'
  [1m[36mTRANSACTION (0.1ms)[0m  [1m[36mbegin transaction[0m
  ↳ app/controllers/tasks_controller.rb:21:in `complete'
  [1m[36mTask Update (1.0ms)[0m  [1m[33mUPDATE "tasks" SET "status" = ?, "updated_at" = ? WHERE "tasks"."id" = ?[0m  [["status", 1], ["updated_at", "2024-10-11 15:35:21.392845"], ["id", 2]]
  ↳ app/controllers/tasks_controller.rb:21:in `complete'
  [1m[36mTRANSACTION (0.1ms)[0m  [1m[36mcommit transaction[0m
  ↳ app/controllers/tasks_controller.rb:21:in `complete'
Redirected to http://127.0.0.1:3000/tasks
Completed 302 Found in 11ms (ActiveRecord: 5.5ms (2 queries, 0 cached) | GC: 4.2ms)


Started GET "/tasks" for 127.0.0.1 at 2024-10-11 22:35:21 +0700
Processing by TasksController#index as HTML
  Rendering layout layouts/application.html.erb
  Rendering tasks/index.html.erb within layouts/application
  [1m[36mTask Load (0.1ms)[0m  [1m[34mSELECT "tasks".* FROM "tasks" WHERE "tasks"."status" = ?[0m  [["status", 0]]
  ↳ app/views/tasks/index.html.erb:13
  Rendered tasks/index.html.erb within layouts/application (Duration: 2.9ms | GC: 0.5ms)
  Rendered layout layouts/application.html.erb (Duration: 4.7ms | GC: 0.5ms)
Completed 200 OK in 6ms (Views: 5.2ms | ActiveRecord: 0.1ms (1 query, 0 cached) | GC: 0.5ms)


Started POST "/tasks" for 127.0.0.1 at 2024-10-11 22:35:25 +0700
Processing by TasksController#create as TURBO_STREAM
  Parameters: {"authenticity_token"=>"[FILTERED]", "task"=>{"name"=>"hi"}, "commit"=>"Create Todo"}
  [1m[36mTRANSACTION (0.1ms)[0m  [1m[36mbegin transaction[0m
  ↳ app/controllers/tasks_controller.rb:12:in `create'
  [1m[36mTask Create (0.8ms)[0m  [1m[32mINSERT INTO "tasks" ("name", "status", "created_at", "updated_at") VALUES (?, ?, ?, ?) RETURNING "id"[0m  [["name", "hi"], ["status", 0], ["created_at", "2024-10-11 15:35:25.988124"], ["updated_at", "2024-10-11 15:35:25.988124"]]
  ↳ app/controllers/tasks_controller.rb:12:in `create'
  [1m[36mTRANSACTION (0.1ms)[0m  [1m[36mcommit transaction[0m
  ↳ app/controllers/tasks_controller.rb:12:in `create'
Redirected to http://127.0.0.1:3000/tasks
Completed 302 Found in 4ms (ActiveRecord: 0.9ms (1 query, 0 cached) | GC: 0.3ms)


Started GET "/tasks" for 127.0.0.1 at 2024-10-11 22:35:25 +0700
Processing by TasksController#index as TURBO_STREAM
  Rendering layout layouts/application.html.erb
  Rendering tasks/index.html.erb within layouts/application
  [1m[36mTask Load (0.1ms)[0m  [1m[34mSELECT "tasks".* FROM "tasks" WHERE "tasks"."status" = ?[0m  [["status", 0]]
  ↳ app/views/tasks/index.html.erb:13
  Rendered tasks/index.html.erb within layouts/application (Duration: 4.5ms | GC: 2.0ms)
  Rendered layout layouts/application.html.erb (Duration: 8.5ms | GC: 4.1ms)
Completed 200 OK in 10ms (Views: 8.9ms | ActiveRecord: 0.1ms (1 query, 0 cached) | GC: 4.1ms)


Started GET "/tasks/3/complete" for 127.0.0.1 at 2024-10-11 22:35:28 +0700
Processing by TasksController#complete as HTML
  Parameters: {"id"=>"3"}
  [1m[36mTask Load (0.1ms)[0m  [1m[34mSELECT "tasks".* FROM "tasks" WHERE "tasks"."id" = ? LIMIT ?[0m  [["id", 3], ["LIMIT", 1]]
  ↳ app/controllers/tasks_controller.rb:20:in `complete'
  [1m[36mTRANSACTION (0.1ms)[0m  [1m[36mbegin transaction[0m
  ↳ app/controllers/tasks_controller.rb:21:in `complete'
  [1m[36mTask Update (5.1ms)[0m  [1m[33mUPDATE "tasks" SET "status" = ?, "updated_at" = ? WHERE "tasks"."id" = ?[0m  [["status", 1], ["updated_at", "2024-10-11 15:35:28.232265"], ["id", 3]]
  ↳ app/controllers/tasks_controller.rb:21:in `complete'
  [1m[36mTRANSACTION (0.1ms)[0m  [1m[36mcommit transaction[0m
  ↳ app/controllers/tasks_controller.rb:21:in `complete'
Redirected to http://127.0.0.1:3000/tasks
Completed 302 Found in 15ms (ActiveRecord: 5.4ms (2 queries, 0 cached) | GC: 8.9ms)


Started GET "/tasks" for 127.0.0.1 at 2024-10-11 22:35:28 +0700
Processing by TasksController#index as HTML
  Rendering layout layouts/application.html.erb
  Rendering tasks/index.html.erb within layouts/application
  [1m[36mTask Load (0.1ms)[0m  [1m[34mSELECT "tasks".* FROM "tasks" WHERE "tasks"."status" = ?[0m  [["status", 0]]
  ↳ app/views/tasks/index.html.erb:13
  Rendered tasks/index.html.erb within layouts/application (Duration: 6.4ms | GC: 3.9ms)
  Rendered layout layouts/application.html.erb (Duration: 11.3ms | GC: 7.1ms)
Completed 200 OK in 14ms (Views: 12.5ms | ActiveRecord: 0.1ms (1 query, 0 cached) | GC: 8.9ms)


Started POST "/tasks" for 127.0.0.1 at 2024-10-11 22:35:31 +0700
Processing by TasksController#create as TURBO_STREAM
  Parameters: {"authenticity_token"=>"[FILTERED]", "task"=>{"name"=>"asdadasda"}, "commit"=>"Create Todo"}
  [1m[36mTRANSACTION (0.1ms)[0m  [1m[36mbegin transaction[0m
  ↳ app/controllers/tasks_controller.rb:12:in `create'
  [1m[36mTask Create (0.9ms)[0m  [1m[32mINSERT INTO "tasks" ("name", "status", "created_at", "updated_at") VALUES (?, ?, ?, ?) RETURNING "id"[0m  [["name", "asdadasda"], ["status", 0], ["created_at", "2024-10-11 15:35:31.970914"], ["updated_at", "2024-10-11 15:35:31.970914"]]
  ↳ app/controllers/tasks_controller.rb:12:in `create'
  [1m[36mTRANSACTION (0.1ms)[0m  [1m[36mcommit transaction[0m
  ↳ app/controllers/tasks_controller.rb:12:in `create'
Redirected to http://127.0.0.1:3000/tasks
Completed 302 Found in 4ms (ActiveRecord: 1.0ms (1 query, 0 cached) | GC: 0.0ms)


Started GET "/tasks" for 127.0.0.1 at 2024-10-11 22:35:31 +0700
Processing by TasksController#index as TURBO_STREAM
  Rendering layout layouts/application.html.erb
  Rendering tasks/index.html.erb within layouts/application
  [1m[36mTask Load (0.1ms)[0m  [1m[34mSELECT "tasks".* FROM "tasks" WHERE "tasks"."status" = ?[0m  [["status", 0]]
  ↳ app/views/tasks/index.html.erb:13
  Rendered tasks/index.html.erb within layouts/application (Duration: 2.5ms | GC: 0.0ms)
  Rendered layout layouts/application.html.erb (Duration: 4.6ms | GC: 0.6ms)
Completed 200 OK in 6ms (Views: 5.0ms | ActiveRecord: 0.1ms (1 query, 0 cached) | GC: 0.6ms)


Started GET "/tasks/4/complete" for 127.0.0.1 at 2024-10-11 22:35:33 +0700
Processing by TasksController#complete as HTML
  Parameters: {"id"=>"4"}
  [1m[36mTask Load (0.1ms)[0m  [1m[34mSELECT "tasks".* FROM "tasks" WHERE "tasks"."id" = ? LIMIT ?[0m  [["id", 4], ["LIMIT", 1]]
  ↳ app/controllers/tasks_controller.rb:20:in `complete'
  [1m[36mTRANSACTION (0.1ms)[0m  [1m[36mbegin transaction[0m
  ↳ app/controllers/tasks_controller.rb:21:in `complete'
  [1m[36mTask Update (0.8ms)[0m  [1m[33mUPDATE "tasks" SET "status" = ?, "updated_at" = ? WHERE "tasks"."id" = ?[0m  [["status", 1], ["updated_at", "2024-10-11 15:35:33.525224"], ["id", 4]]
  ↳ app/controllers/tasks_controller.rb:21:in `complete'
  [1m[36mTRANSACTION (0.1ms)[0m  [1m[36mcommit transaction[0m
  ↳ app/controllers/tasks_controller.rb:21:in `complete'
Redirected to http://127.0.0.1:3000/tasks
Completed 302 Found in 5ms (ActiveRecord: 1.0ms (2 queries, 0 cached) | GC: 0.5ms)


Started GET "/tasks" for 127.0.0.1 at 2024-10-11 22:35:33 +0700
Processing by TasksController#index as HTML
  Rendering layout layouts/application.html.erb
  Rendering tasks/index.html.erb within layouts/application
  [1m[36mTask Load (0.1ms)[0m  [1m[34mSELECT "tasks".* FROM "tasks" WHERE "tasks"."status" = ?[0m  [["status", 0]]
  ↳ app/views/tasks/index.html.erb:13
  Rendered tasks/index.html.erb within layouts/application (Duration: 2.3ms | GC: 0.4ms)
  Rendered layout layouts/application.html.erb (Duration: 3.7ms | GC: 0.4ms)
Completed 200 OK in 5ms (Views: 4.0ms | ActiveRecord: 0.1ms (1 query, 0 cached) | GC: 0.4ms)


Started GET "/tasks" for 127.0.0.1 at 2024-10-11 22:38:51 +0700
  [1m[36mActiveRecord::SchemaMigration Load (0.3ms)[0m  [1m[34mSELECT "schema_migrations"."version" FROM "schema_migrations" ORDER BY "schema_migrations"."version" ASC[0m
Processing by TasksController#index as HTML
  Rendering layout layouts/application.html.erb
  Rendering tasks/index.html.erb within layouts/application
  [1m[36mTask Load (0.6ms)[0m  [1m[34mSELECT "tasks".* FROM "tasks" WHERE "tasks"."status" = ?[0m  [["status", 0]]
  ↳ app/views/tasks/index.html.erb:13
  Rendered tasks/index.html.erb within layouts/application (Duration: 8.1ms | GC: 0.8ms)
  Rendered layout layouts/application.html.erb (Duration: 59.0ms | GC: 1.2ms)
Completed 200 OK in 96ms (Views: 60.4ms | ActiveRecord: 1.8ms (1 query, 0 cached) | GC: 16.8ms)


Started GET "/manifest.json" for 127.0.0.1 at 2024-10-11 22:38:51 +0700
  
ActionController::RoutingError (No route matches [GET] "/manifest.json"):
  
Started GET "/tasks" for 127.0.0.1 at 2024-10-11 22:38:53 +0700
Processing by TasksController#index as HTML
  Rendering layout layouts/application.html.erb
  Rendering tasks/index.html.erb within layouts/application
  [1m[36mTask Load (0.1ms)[0m  [1m[34mSELECT "tasks".* FROM "tasks" WHERE "tasks"."status" = ?[0m  [["status", 0]]
  ↳ app/views/tasks/index.html.erb:13
  Rendered tasks/index.html.erb within layouts/application (Duration: 1.7ms | GC: 0.0ms)
  Rendered layout layouts/application.html.erb (Duration: 5.1ms | GC: 1.5ms)
Completed 200 OK in 6ms (Views: 5.5ms | ActiveRecord: 0.1ms (1 query, 0 cached) | GC: 1.5ms)


Started GET "/manifest.json" for 127.0.0.1 at 2024-10-11 22:38:53 +0700
  
ActionController::RoutingError (No route matches [GET] "/manifest.json"):
  
Started POST "/tasks" for 127.0.0.1 at 2024-10-11 22:38:55 +0700
Processing by TasksController#create as TURBO_STREAM
  Parameters: {"authenticity_token"=>"[FILTERED]", "task"=>{"name"=>"hi"}, "commit"=>"Create Todo"}
  [1m[36mTRANSACTION (0.1ms)[0m  [1m[36mbegin transaction[0m
  ↳ app/controllers/tasks_controller.rb:12:in `create'
  [1m[36mTask Create (0.9ms)[0m  [1m[32mINSERT INTO "tasks" ("name", "status", "created_at", "updated_at") VALUES (?, ?, ?, ?) RETURNING "id"[0m  [["name", "hi"], ["status", 0], ["created_at", "2024-10-11 15:38:55.869874"], ["updated_at", "2024-10-11 15:38:55.869874"]]
  ↳ app/controllers/tasks_controller.rb:12:in `create'
  [1m[36mTRANSACTION (2.8ms)[0m  [1m[36mcommit transaction[0m
  ↳ app/controllers/tasks_controller.rb:12:in `create'
Redirected to http://127.0.0.1:3000/tasks
Completed 302 Found in 7ms (ActiveRecord: 3.7ms (1 query, 0 cached) | GC: 0.2ms)


Started GET "/tasks" for 127.0.0.1 at 2024-10-11 22:38:55 +0700
Processing by TasksController#index as TURBO_STREAM
  Rendering layout layouts/application.html.erb
  Rendering tasks/index.html.erb within layouts/application
  [1m[36mTask Load (0.1ms)[0m  [1m[34mSELECT "tasks".* FROM "tasks" WHERE "tasks"."status" = ?[0m  [["status", 0]]
  ↳ app/views/tasks/index.html.erb:13
  Rendered tasks/index.html.erb within layouts/application (Duration: 2.2ms | GC: 0.0ms)
  Rendered layout layouts/application.html.erb (Duration: 4.1ms | GC: 0.3ms)
Completed 200 OK in 5ms (Views: 4.4ms | ActiveRecord: 0.1ms (1 query, 0 cached) | GC: 0.3ms)


Started GET "/tasks/5/complete" for 127.0.0.1 at 2024-10-11 22:38:56 +0700
Processing by TasksController#complete as HTML
  Parameters: {"id"=>"5"}
  [1m[36mTask Load (0.1ms)[0m  [1m[34mSELECT "tasks".* FROM "tasks" WHERE "tasks"."id" = ? LIMIT ?[0m  [["id", 5], ["LIMIT", 1]]
  ↳ app/controllers/tasks_controller.rb:22:in `complete'
Completed 500 Internal Server Error in 3ms (ActiveRecord: 0.1ms (1 query, 0 cached) | GC: 0.2ms)


  
NoMethodError (undefined method `mark_complete' for an instance of Task):
  
app/controllers/tasks_controller.rb:23:in `complete'
Started GET "/" for 127.0.0.1 at 2024-10-11 22:41:04 +0700
  [1m[36mActiveRecord::SchemaMigration Load (0.2ms)[0m  [1m[34mSELECT "schema_migrations"."version" FROM "schema_migrations" ORDER BY "schema_migrations"."version" ASC[0m
Processing by Rails::WelcomeController#index as HTML
  Rendering /home/jongthamdee/.rbenv/versions/3.3.0/lib/ruby/gems/3.3.0/gems/railties-7.2.1/lib/rails/templates/rails/welcome/index.html.erb
  Rendered /home/jongthamdee/.rbenv/versions/3.3.0/lib/ruby/gems/3.3.0/gems/railties-7.2.1/lib/rails/templates/rails/welcome/index.html.erb (Duration: 1.8ms | GC: 0.0ms)
Completed 200 OK in 11ms (Views: 5.4ms | ActiveRecord: 0.0ms (0 queries, 0 cached) | GC: 0.0ms)


Started GET "/tasks" for 127.0.0.1 at 2024-10-11 22:41:13 +0700
Processing by TasksController#index as HTML
  Rendering layout layouts/application.html.erb
  Rendering tasks/index.html.erb within layouts/application
  [1m[36mTask Load (0.6ms)[0m  [1m[34mSELECT "tasks".* FROM "tasks" WHERE "tasks"."status" = ?[0m  [["status", 0]]
  ↳ app/views/tasks/index.html.erb:13
  Rendered tasks/index.html.erb within layouts/application (Duration: 10.4ms | GC: 0.5ms)
  Rendered layout layouts/application.html.erb (Duration: 106.5ms | GC: 41.9ms)
Completed 200 OK in 162ms (Views: 108.7ms | ActiveRecord: 1.9ms (1 query, 0 cached) | GC: 65.6ms)


Started GET "/manifest.json" for 127.0.0.1 at 2024-10-11 22:41:13 +0700
  
ActionController::RoutingError (No route matches [GET] "/manifest.json"):
  
Started POST "/tasks" for 127.0.0.1 at 2024-10-11 22:41:17 +0700
Processing by TasksController#create as TURBO_STREAM
  Parameters: {"authenticity_token"=>"[FILTERED]", "task"=>{"name"=>"459"}, "commit"=>"Create Todo"}
  [1m[36mTRANSACTION (0.1ms)[0m  [1m[36mbegin transaction[0m
  ↳ app/controllers/tasks_controller.rb:12:in `create'
  [1m[36mTask Create (0.9ms)[0m  [1m[32mINSERT INTO "tasks" ("name", "status", "created_at", "updated_at") VALUES (?, ?, ?, ?) RETURNING "id"[0m  [["name", "459"], ["status", 0], ["created_at", "2024-10-11 15:41:17.251476"], ["updated_at", "2024-10-11 15:41:17.251476"]]
  ↳ app/controllers/tasks_controller.rb:12:in `create'
  [1m[36mTRANSACTION (5.4ms)[0m  [1m[36mcommit transaction[0m
  ↳ app/controllers/tasks_controller.rb:12:in `create'
Redirected to http://127.0.0.1:3000/tasks
Completed 302 Found in 10ms (ActiveRecord: 6.3ms (1 query, 0 cached) | GC: 0.0ms)


Started GET "/tasks" for 127.0.0.1 at 2024-10-11 22:41:17 +0700
Processing by TasksController#index as TURBO_STREAM
  Rendering layout layouts/application.html.erb
  Rendering tasks/index.html.erb within layouts/application
  [1m[36mTask Load (0.1ms)[0m  [1m[34mSELECT "tasks".* FROM "tasks" WHERE "tasks"."status" = ?[0m  [["status", 0]]
  ↳ app/views/tasks/index.html.erb:13
  Rendered tasks/index.html.erb within layouts/application (Duration: 2.6ms | GC: 0.0ms)
  Rendered layout layouts/application.html.erb (Duration: 4.1ms | GC: 0.0ms)
Completed 200 OK in 5ms (Views: 4.4ms | ActiveRecord: 0.1ms (1 query, 0 cached) | GC: 0.0ms)


Started GET "/tasks/6/complete" for 127.0.0.1 at 2024-10-11 22:41:18 +0700
Processing by TasksController#complete as HTML
  Parameters: {"id"=>"6"}
  [1m[36mTask Load (0.1ms)[0m  [1m[34mSELECT "tasks".* FROM "tasks" WHERE "tasks"."id" = ? LIMIT ?[0m  [["id", 6], ["LIMIT", 1]]
  ↳ app/controllers/tasks_controller.rb:20:in `complete'
  [1m[36mTRANSACTION (0.1ms)[0m  [1m[36mbegin transaction[0m
  ↳ app/controllers/tasks_controller.rb:21:in `complete'
  [1m[36mTask Update (0.8ms)[0m  [1m[33mUPDATE "tasks" SET "status" = ?, "updated_at" = ? WHERE "tasks"."id" = ?[0m  [["status", 1], ["updated_at", "2024-10-11 15:41:18.042661"], ["id", 6]]
  ↳ app/controllers/tasks_controller.rb:21:in `complete'
  [1m[36mTRANSACTION (0.1ms)[0m  [1m[36mcommit transaction[0m
  ↳ app/controllers/tasks_controller.rb:21:in `complete'
Redirected to http://127.0.0.1:3000/tasks
Completed 302 Found in 5ms (ActiveRecord: 1.1ms (2 queries, 0 cached) | GC: 0.0ms)


Started GET "/tasks" for 127.0.0.1 at 2024-10-11 22:41:18 +0700
Processing by TasksController#index as HTML
  Rendering layout layouts/application.html.erb
  Rendering tasks/index.html.erb within layouts/application
  [1m[36mTask Load (0.1ms)[0m  [1m[34mSELECT "tasks".* FROM "tasks" WHERE "tasks"."status" = ?[0m  [["status", 0]]
  ↳ app/views/tasks/index.html.erb:13
  Rendered tasks/index.html.erb within layouts/application (Duration: 2.2ms | GC: 0.0ms)
  Rendered layout layouts/application.html.erb (Duration: 3.5ms | GC: 0.0ms)
Completed 200 OK in 4ms (Views: 3.8ms | ActiveRecord: 0.1ms (1 query, 0 cached) | GC: 0.0ms)


Started GET "/tasks/5/complete" for 127.0.0.1 at 2024-10-11 22:41:18 +0700
Processing by TasksController#complete as HTML
  Parameters: {"id"=>"5"}
  [1m[36mTask Load (0.1ms)[0m  [1m[34mSELECT "tasks".* FROM "tasks" WHERE "tasks"."id" = ? LIMIT ?[0m  [["id", 5], ["LIMIT", 1]]
  ↳ app/controllers/tasks_controller.rb:20:in `complete'
  [1m[36mTRANSACTION (0.0ms)[0m  [1m[36mbegin transaction[0m
  ↳ app/controllers/tasks_controller.rb:21:in `complete'
  [1m[36mTask Update (0.9ms)[0m  [1m[33mUPDATE "tasks" SET "status" = ?, "updated_at" = ? WHERE "tasks"."id" = ?[0m  [["status", 1], ["updated_at", "2024-10-11 15:41:18.994056"], ["id", 5]]
  ↳ app/controllers/tasks_controller.rb:21:in `complete'
  [1m[36mTRANSACTION (0.1ms)[0m  [1m[36mcommit transaction[0m
  ↳ app/controllers/tasks_controller.rb:21:in `complete'
Redirected to http://127.0.0.1:3000/tasks
Completed 302 Found in 4ms (ActiveRecord: 1.0ms (2 queries, 0 cached) | GC: 0.0ms)


Started GET "/tasks" for 127.0.0.1 at 2024-10-11 22:41:19 +0700
Processing by TasksController#index as HTML
  Rendering layout layouts/application.html.erb
  Rendering tasks/index.html.erb within layouts/application
  [1m[36mTask Load (0.1ms)[0m  [1m[34mSELECT "tasks".* FROM "tasks" WHERE "tasks"."status" = ?[0m  [["status", 0]]
  ↳ app/views/tasks/index.html.erb:13
  Rendered tasks/index.html.erb within layouts/application (Duration: 2.0ms | GC: 0.0ms)
  Rendered layout layouts/application.html.erb (Duration: 3.4ms | GC: 0.0ms)
Completed 200 OK in 5ms (Views: 3.8ms | ActiveRecord: 0.1ms (1 query, 0 cached) | GC: 0.0ms)


Started POST "/tasks" for 127.0.0.1 at 2024-10-11 22:41:22 +0700
Processing by TasksController#create as TURBO_STREAM
  Parameters: {"authenticity_token"=>"[FILTERED]", "task"=>{"name"=>"sdfdagag"}, "commit"=>"Create Todo"}
  [1m[36mTRANSACTION (0.1ms)[0m  [1m[36mbegin transaction[0m
  ↳ app/controllers/tasks_controller.rb:12:in `create'
  [1m[36mTask Create (0.9ms)[0m  [1m[32mINSERT INTO "tasks" ("name", "status", "created_at", "updated_at") VALUES (?, ?, ?, ?) RETURNING "id"[0m  [["name", "sdfdagag"], ["status", 0], ["created_at", "2024-10-11 15:41:22.698051"], ["updated_at", "2024-10-11 15:41:22.698051"]]
  ↳ app/controllers/tasks_controller.rb:12:in `create'
  [1m[36mTRANSACTION (0.1ms)[0m  [1m[36mcommit transaction[0m
  ↳ app/controllers/tasks_controller.rb:12:in `create'
Redirected to http://127.0.0.1:3000/tasks
Completed 302 Found in 4ms (ActiveRecord: 1.0ms (1 query, 0 cached) | GC: 0.0ms)


Started GET "/tasks" for 127.0.0.1 at 2024-10-11 22:41:22 +0700
Processing by TasksController#index as TURBO_STREAM
  Rendering layout layouts/application.html.erb
  Rendering tasks/index.html.erb within layouts/application
  [1m[36mTask Load (0.1ms)[0m  [1m[34mSELECT "tasks".* FROM "tasks" WHERE "tasks"."status" = ?[0m  [["status", 0]]
  ↳ app/views/tasks/index.html.erb:13
  Rendered tasks/index.html.erb within layouts/application (Duration: 2.7ms | GC: 0.0ms)
  Rendered layout layouts/application.html.erb (Duration: 4.3ms | GC: 0.0ms)
Completed 200 OK in 5ms (Views: 4.6ms | ActiveRecord: 0.1ms (1 query, 0 cached) | GC: 0.0ms)


Started GET "/tasks/7/complete" for 127.0.0.1 at 2024-10-11 22:41:23 +0700
Processing by TasksController#complete as HTML
  Parameters: {"id"=>"7"}
  [1m[36mTask Load (0.1ms)[0m  [1m[34mSELECT "tasks".* FROM "tasks" WHERE "tasks"."id" = ? LIMIT ?[0m  [["id", 7], ["LIMIT", 1]]
  ↳ app/controllers/tasks_controller.rb:20:in `complete'
  [1m[36mTRANSACTION (0.1ms)[0m  [1m[36mbegin transaction[0m
  ↳ app/controllers/tasks_controller.rb:21:in `complete'
  [1m[36mTask Update (0.9ms)[0m  [1m[33mUPDATE "tasks" SET "status" = ?, "updated_at" = ? WHERE "tasks"."id" = ?[0m  [["status", 1], ["updated_at", "2024-10-11 15:41:23.603413"], ["id", 7]]
  ↳ app/controllers/tasks_controller.rb:21:in `complete'
  [1m[36mTRANSACTION (0.1ms)[0m  [1m[36mcommit transaction[0m
  ↳ app/controllers/tasks_controller.rb:21:in `complete'
Redirected to http://127.0.0.1:3000/tasks
Completed 302 Found in 5ms (ActiveRecord: 1.1ms (2 queries, 0 cached) | GC: 0.0ms)


Started GET "/tasks" for 127.0.0.1 at 2024-10-11 22:41:23 +0700
Processing by TasksController#index as HTML
  Rendering layout layouts/application.html.erb
  Rendering tasks/index.html.erb within layouts/application
  [1m[36mTask Load (0.1ms)[0m  [1m[34mSELECT "tasks".* FROM "tasks" WHERE "tasks"."status" = ?[0m  [["status", 0]]
  ↳ app/views/tasks/index.html.erb:13
  Rendered tasks/index.html.erb within layouts/application (Duration: 1.9ms | GC: 0.0ms)
  Rendered layout layouts/application.html.erb (Duration: 3.2ms | GC: 0.0ms)
Completed 200 OK in 4ms (Views: 3.5ms | ActiveRecord: 0.1ms (1 query, 0 cached) | GC: 0.0ms)


